<?xml version="1.0" encoding="UTF-8"?>
<!-- Generated by org.testng.reporters.JUnitReportReporter -->
<testsuite hostname="DESKTOP-N7E9VP2" failures="0" tests="1" name="TestRunner.TestNgRunner" time="29.397" errors="0" timestamp="2022-05-19T20:26:22 EDT" skipped="0">
  <testcase classname="TestRunner.TestNgRunner" name="runScenario" time="29.397"/>
  <system-out/>
</testsuite> <!-- TestRunner.TestNgRunner -->
